NBBBNBBNBBBNNBBBNBBBNNBBBNBBNBBBNNCNNBBBNBBNBBBNNBBBNBBNBBBNNCNNBBBNBBNBBBNNBBBNBBBNNBBBNBBNBBBNNCNNBCCCNNCNNBBBNBBNBBBNNBBBNBBBNNBBBNBBNBBBNNCNNBBBNBBNBBBNNBBBNBBBNNBBBNBBNBBBNNCNNBCCCNNCNNBBBNBBNBBBNNBBBNBBBNNBBBNBBNBBBNNCNNBBBNBB
NBBBNNBBBNBBNBBBNNCNNBBBNBBNBBBNNBBBNBBBNNBBBNBBNBBBNNCNNBCCCNNCNNBBBBCCNCCNCCCNNCNNBCCCNNCNNBBBNBBNBBBNNBBBNBBBNNBBBNBBNBBBNNCNNBBBNBBNBBBNNBBBNBBNBBBNNCNNBBBNBBNBBBNNBBBNBBBNNBBBNBBNBBBNNCNNBCCCNNCNNBBBNBBNBBBNNBBBNBBBNNBBBNBBNBBBNNCNNBBBN
BBNBBBNNBBBNBBNBBBNNCNNBBBNBBNBBBNNBBBNBBBNNBBBNBBNBBBNNCNNBCCCNNCNNBBBBCCNCCNCCCNNCNNBCCCNNCNNBBBNBBNBBBNNBBBNBBBNNBBBNBBNBBBNNCNNBBBNBBNBBBNNBBBNBBNBBBNNCNNBBBNBBNBBBNNBBBNBBBNNBBBNBBNBBBNNCNNBCCCNNCNNBBBNBBNBBBNNBBBNBBBNNBBBNBBNBBBNNCNNBB
BNBBNBBBNNBBBNBBBNNBBBNBBNBBBNNCNNBCCCNNCNNBBBNBBNBBBNNBBBNBBBNNBBBNBBNBBBNNCNNBBBNBBNBBBNNBBBNBBNBBBNNCNNBBBNBBNBBBNNBBBNBBBNNBBBNBBNBBBNNCNNBCCCNNCNNBBBBCCNCCNCCCNNCNNBCCCNNCNNBBBNBBNBBNBBBCCNCCCNNBCCNCCCNNBCCNCCNCCCNNCNNBCCCNNCNNBBBBCCNCC
NCCCNNCNNBCCCNNCNNBBBNBBNBBBNNBBBNBBBNNBBBNBBNBBBNNCNNBBBNBBNBBBNNBBBNBBNBBBNNCNNBBBNBBNBBBNNBBBNBBBNNBBBNBBNBBBNNCNNBCCCNNCNNBBBNBBNBBBNNBBBNBBBNNBBBNBBNBBBNNCNNBBBNBBNBBBNNBBBNBBBNNBBBNBBNBBBNNCNNBCCCNNCNNBBBNBBNBBBNNBBBNBBBNNBBBNBBNBBBNNC
NNBBBNBBNBBBNNBBBNBBNBBBNNCNNBBBNBBNBBBNNBBBNBBBNNBBBNBBNBBBNNCNNBCCCNNCNNBBBBCCNCCNCCCNNCNNBCCCNNCNNBBBNBBNBBBNNBBBNBBBNNBBBNBBNBBBNNCNNBBBNBBNBBBNNBBBNBBNBBBNNCNNBBBNBBNBBBNNBBBNBBBNNBBBNBBNBBBNNCNNBCCCNNCNNBBBNBBNBBBNNBBBNBBBNNBBBNBBNBBBN
NCNNBBBNBBNBBBNNBBBNBBBNNBBBNBBNBBBNNCNNBCCCNNCNNBBBNBBNBBBNNBBBNBBBNNBBBNBBNBBBNNCNNBBBNBBNBBBNNBBBNBBNBBBNNCNNBBBNBBNBBBNNBBBNBBBNNBBBNBBNBBBNNCNNBCCCNNCNNBBBBCCNCCNCCCNNCNNBCCCNNCNNBBBNBBNBBNBBBCCNCCCNNBCCNCCCNNBCCNCCNCCCNNCNNBCCCNNCNNBBB
BCCNCCNCCCNNCNNBCCCNNCNNBBBNBBNBBBNNBBBNBBBNNBBBNBBNBBBNNCNNBBBNBBNBBBNNBBBNBBNBBBNNCNNBBBNBBNBBBNNBBBNBBBNNBBBNBBNBBBNNCNNBCCCNNCNNBBBNBBNBBBNNBBBNBBBNNBBBNBBNBBBNNCNNBBBNBBNBBBNNBBBNBBBNNBBBNBBNBBBNNCNNBCCCNNCNNBBBNBBNBBBNNBBBNBBBNNBBBNBBN
BBBNNCNNBBBNBBNBBBNNBBBNBBNBBBNNCNNBBBNBBNBBBNNBBBNBBBNNBBBNBBNBBBNNCNNBCCCNNCNNBBBBCCNCCNCCCNNCNNBCCCNNCNNBBBNBBNBBBNNBBBNBBBNNBBBNBBNBBBNNCNNBBBNBBNBBBNNBBBNBBNBBBNNCNNBBBNBBNBBBNNBBBNBBBNNBBBNBBNBBBNNCNNBCCCNNCNNBBBNBBNBBBNNBBBNBBBNNBBBNB
BNBBBNNCNNBBBNBBNBBBNNBBBNBBBNNBBBNBBNBBBNNCNNBCCCNNCNNBBBNBBNBBBNNBBBNBBBNNBBBNBBNBBBNNCNNBBBNBBNBBBNNBBBNBBNBBBNNCNNBBBNBBNBBBNNBBBNBBBNNBBBNBBNBBBNNCNNBCCCNNCNNBBBBCCNCCNCCCNNCNNBCCCNNCNNBBBNBBNBBNBBBCCNCCCNNBCCNCCCNNBCCNCCNCCCNNCNNBCCCNN
CNNBBBBCCNCCNCCCNNCNNBCCCNNCNNBBBNBBNBBBNNBBBNBBBNNBBBNBBNBBBNNCNNBBBNBBNBBBNNBBBNBBNBBBNNCNNBBBNBBNBBBNNBBBNBBBNNBBBNBBNBBBNNCNNBCCCNNCNNBBBNBBNBBBNNBBBNBBBNNBBBNBBNBBBNNCNNBBBNBBNBBBNNBBBNBBBNNBBBNBBNBBBNNCNNBCCCNNCNNBBBNBBNBBBNNBBBNBBBNNB
BBNBBNBBBNNCNNBBBNBBNBBBNNBBBNBBNBBBNNCNNBBBNBBNBBBNNBBBNBBBNNBBBNBBNBBBNNCNNBCCCNNCNNBBBBCCNCCNCCCNNCNNBCCCNNCNNBBBNBBNBBBNNBBBNBBBNNBBBNBBNBBBNNCNNBBBNBBNBBBNNBBBNBBNBBBNNCNNBBBNBBNBBBNNBBBNBBBNNBBBNBBNBBBNNCNNBCCCNNCNNBBBNBBNBBBNNBBBNBBBN
NBBBNBBNBBBNNCNNBBBNBBNBBBNNBBBNBBNBBBNNCNNBBBNBBNBBBNNBBBNBBBNNBBBNBBNBBBNNCNNBCCCNNCNNBBBBCCNCCNCCCNNCNNBCCCNNCNNBBBNBBNBBBNNBBBNBBBNNBBBNBBNBBBNNCNNBBBNBBNBBBNNBBBNBBNBBBNNCNNBBBNBBNBBBNNBBBNBBBNNBBBNBBNBBBNNCNNBCCCNNCNNBBBNBBNBBBNNBBBNBB
BNNBBBNBBNBBBNNCNNBBBNBBNBBBNNBBBNBBBNNBBBNBBNBBBNNCNNBCCCNNCNNBBBNBBNBBBNNBBBNBBBNNBBBNBBNBBBNNCNNBBBNBBNBBBNNBBBNBBNBBBNNCNNBBBNBBNBBBNNBBBNBBBNNBBBNBBNBBBCCNCCCNNBCCNCCNCCCNNCNNBBBBCCNCCCNNBCCNCCCNNBCCNCCNCCCNNCNNBCCCNNCNNBBBNBBNBBNBBBCCN
CCCNNBCCNCCNCCCNNCNNBBBBCCNCCCNNBCCNCCNCCCNNCNNBBBBCCNCCCNNBCCNCCCNNBCCNCCNCCCNNCNNBCCCNNCNNBBBBCCNCCNCCCNNCNNBCCCNNCNNBBBNBBNBBBNNBBBNBBBNNBBBNBBBNNBBBNBBNBBBCCNCCCNNBCCNCCNCCCNNCNNBBBBCCNCCCNNBCCNCCCNNBCCNCCNCCCNNCNNBCCCNNCNNBBBNBBNBBNBBBC
CNCCCNNBCCNCCNCCCNNCNNBBBBCCNCCCNNBCCNCCCNNBCCNCCNCCCNNCNNBCCCNNCNNBBBNBBNBBNBBBCCNCCCNNBCCNCCNCCCNNCNNBBBBCCNCCCNNBCCNCCNCCCNNCNNBBBBCCNCCCNNBCCNCCCNNBCCNCCNCCCNNCNNBCCCNNCNNBBBBCCNCCNCCCNNCNNBCCCNNCNNBBBNBBNBBNBBBCCNCCCNNBCCNCCCNNBCCNCCNCC
CNNCNNBCCCNNCNNBBBBCCNCCNCCCNNCNNBCCCNNCNNBBBNBBNBBBNNBBBNBBBNNBBBNBBNBBBNNCNNBBBNBBNBBBNNBBBNBBNBBBNNCNNBBBNBBNBBBNNBBBNBBNBBBNNCNNBBBNBBNBBBNNBBBNBBBNNBBBNBBNBBBCCNCCCNNBCCNCCNCCCNNCNNBBBBCCNCCCNNBCCNCCCNNBCCNCCNCCCNNCNNBCCCNNCNNBBBNBBNBBN
BBBCCNCCCNNBCCNCCNCCCNNCNNBBBBCCNCCCNNBCCNCCNCCCNNCNNBBBBCCNCCCNNBCCNCCCNNBCCNCCNCCCNNCNNBCCCNNCNNBBBBCCNCCNCCCNNCNNBCCCNNCNNBBBNBBNBBBNNBBBNBBBNNBBBNBBBNNBBBNBBNBBBCCNCCCNNBCCNCCNCCCNNCNNBBBBCCNCCCNNBCCNCCCNNBCCNCCNCCCNNCNNBCCCNNCNNBBBNBBNB
BNBBBCCNCCCNNBCCNCCNCCCNNCNNBBBBCCNCCCNNBCCNCCNCCCNNCNNBBBBCCNCCCNNBCCNCCCNNBCCNCCNCCCNNCNNBCCCNNCNNBBBBCCNCCNCCCNNCNNBCCCNNCNNBBBNBBNBBBNNBBBNBBBNNBBBNBBBNNBBBNBBNBBBCCNCCCNNBCCNCCNCCCNNCNNBBBBCCNCCCNNBCCNCCCNNBCCNCCNCCCNNCNNBCCCNNCNNBBBNBB
NBBNBBBCCNCCCNNBCCNCCNCCCNNCNNBBBBCCNCCCNNBCCNCCCNNBCCNCCNCCCNNCNNBCCCNNCNNBBBNBBNBBNBBBCCNCCCNNBCCNCCNCCCNNCNNBBBBCCNCCCNNBCCNCCNCCCNNCNNBBBBCCNCCCNNBCCNCCCNNBCCNCCNCCCNNCNNBCCCNNCNNBBBBCCNCCNCCCNNCNNBCCCNNCNNBBBNBBNBBNBBBCCNCCCNNBCCNCCCNNB
CCNCCNCCCNNCNNBCCCNNCNNBBBBCCNCCNCCCNNCNNBCCCNNCNNBBBNBBNBBBNNBBBNBBBNNBBBNBBBNNBBBNBBNBBBCCNCCCNNBCCNCCNCCCNNCNNBBBBCCNCCCNNBCCNCCNCCCNNCNNBBBBCCNCCCNNBCCNCCCNNBCCNCCNCCCNNCNNBCCCNNCNNBBBBCCNCCNCCCNNCNNBCCCNNCNNBBBNBBNBBNBBBCCNCCCNNBCCNCCCN
NBCCNCCNCCCNNCNNBCCCNNCNNBBBBCCNCCNCCCNNCNNBCCCNNCNNBBBNBBNBBBNNBBBNBBBNNBBBNBBNBBBNNCNNBBBNBBNBBBNNBBBNBBNBBBNNCNNBBBNBBNBBBNNBBBNBBBNNBBBNBBNBBBNNCNNBCCCNNCNNBBBNBBNBBBNNBBBNBBBNNBBBNBBNBBBNNCNNBBBNBBNBBBNNBBBNBBBNNBBBNBBNBBBNNCNNBCCCNNCNN
BBBNBBNBBBNNBBBNBBBNNBBBNBBNBBBNNCNNBBBNBBNBBBNNBBBNBBBNNBBBNBBNBBBNNCNNBCCCNNCNNBBBNBBNBBBNNBBBNBBBNNBBBNBBNBBBNNCNNBBBNBBNBBBNNBBBNBBNBBBNNCNNBBBNBBNBBBNNBBBNBBBNNBBBNBBNBBBCCNCCCNNBCCNCCNCCCNNCNNBBBBCCNCCCNNBCCNCCCNNBCCNCCNCCCNNCNNBCCCNNC
NNBBBNBBNBBNBBBCCNCCCNNBCCNCCNCCCNNCNNBBBBCCNCCCNNBCCNCCNCCCNNCNNBBBBCCNCCCNNBCCNCCCNNBCCNCCNCCCNNCNNBCCCNNCNNBBBBCCNCCNCCCNNCNNBCCCNNCNNBBBNBBNBBBNNBBBNBBBNNBBBNBBBNNBBBNBBNBBBCCNCCCNNBCCNCCNCCCNNCNNBBBBCCNCCCNNBCCNCCCNNBCCNCCNCCCNNCNNBCCCN
NCNNBBBNBBNBBNBBBCCNCCCNNBCCNCCNCCCNNCNNBBBBCCNCCCNNBCCNCCCNNBCCNCCNCCCNNCNNBCCCNNCNNBBBNBBNBBNBBBCCNCCCNNBCCNCCNCCCNNCNNBBBBCCNCCCNNBCCNCCNCCCNNCNNBBBBCCNCCCNNBCCNCCCNNBCCNCCNCCCNNCNNBCCCNNCNNBBBBCCNCCNCCCNNCNNBCCCNNCNNBBBNBBNBBNBBBCCNCCCNN
BCCNCCCNNBCCNCCNCCCNNCNNBCCCNNCNNBBBBCCNCCNCCCNNCNNBCCCNNCNNBBBNBBNBBBNNBBBNBBBNNBBBNBBNBBBNNCNNBBBNBBNBBBNNBBBNBBNBBBNNCNNBBBNBBNBBBNNBBBNBBNBBBNNCNNBBBNBBNBBBNNBBBNBBBNNBBBNBBNBBBCCNCCCNNBCCNCCNCCCNNCNNBBBBCCNCCCNNBCCNCCCNNBCCNCCNCCCNNCNNB
CCCNNCNNBBBNBBNBBNBBBCCNCCCNNBCCNCCNCCCNNCNNBBBBCCNCCCNNBCCNCCNCCCNNCNNBBBBCCNCCCNNBCCNCCCNNBCCNCCNCCCNNCNNBCCCNNCNNBBBBCCNCCNCCCNNCNNBCCCNNCNNBBBNBBNBBBNNBBBNBBBNNBBBNBBBNNBBBNBBNBBBCCNCCCNNBCCNCCNCCCNNCNNBBBBCCNCCCNNBCCNCCCNNBCCNCCNCCCNNCN
NBCCCNNCNNBBBNBBNBBNBBBCCNCCCNNBCCNCCNCCCNNCNNBBBBCCNCCCNNBCCNCCNCCCNNCNNBBBBCCNCCCNNBCCNCCCNNBCCNCCNCCCNNCNNBCCCNNCNNBBBBCCNCCNCCCNNCNNBCCCNNCNNBBBNBBNBBBNNBBBNBBBNNBBBNBBBNNBBBNBBNBBBCCNCCCNNBCCNCCNCCCNNCNNBBBBCCNCCCNNBCCNCCCNNBCCNCCNCCCNN
CNNBCCCNNCNNBBBNBBNBBNBBBCCNCCCNNBCCNCCNCCCNNCNNBBBBCCNCCCNNBCCNCCCNNBCCNCCNCCCNNCNNBCCCNNCNNBBBNBBNBBNBBBCCNCCCNNBCCNCCNCCCNNCNNBBBBCCNCCCNNBCCNCCNCCCNNCNNBBBBCCNCCCNNBCCNCCCNNBCCNCCNCCCNNCNNBCCCNNCNNBBBBCCNCCNCCCNNCNNBCCCNNCNNBBBNBBNBBNBBB
CCNCCCNNBCCNCCCNNBCCNCCNCCCNNCNNBCCCNNCNNBBBBCCNCCNCCCNNCNNBCCCNNCNNBBBNBBNBBBNNBBBNBBBNNBBBNBBBNNBBBNBBNBBBCCNCCCNNBCCNCCNCCCNNCNNBBBBCCNCCCNNBCCNCCNCCCNNCNNBBBBCCNCCCNNBCCNCCCNNBCCNCCNCCCNNCNNBCCCNNCNNBBBBCCNCCNCCCNNCNNBCCCNNCNNBBBNBBNBBNB
BBCCNCCCNNBCCNCCCNNBCCNCCNCCCNNCNNBCCCNNCNNBBBBCCNCCNCCCNNCNNBCCCNNCNNBBBNBBNBBBNNBBBNBBBNNBBBNBBNBBBNNCNNBBBNBBNBBBNNBBBNBBNBBBNNCNNBBBNBBNBBBNNBBBNBBBNNBBBNBBNBBBNNCNNBCCCNNCNNBBBNBBNBBBNNBBBNBBBNNBBBNBBNBBBNNCNNBBBNBBNBBBNNBBBNBBBNNBBBNBB
NBBBNNCNNBCCCNNCNNBBBNBBNBBBNNBBBNBBBNNBBBNBBNBBBNNCNNBBBNBBNBBBNNBBBNBBBNNBBBNBBNBBBNNCNNBCCCNNCNNBBBNBBNBBBNNBBBNBBBNNBBBNBBNBBBNNCNNBBBNBBNBBBNNBBBNBBNBBBNNCNNBBBNBBNBBBNNBBBNBBBNNBBBNBBNBBBCCNCCCNNBCCNCCNCCCNNCNNBBBBCCNCCCNNBCCNCCCNNBCCN
CCNCCCNNCNNBCCCNNCNNBBBNBBNBBNBBBCCNCCCNNBCCNCCNCCCNNCNNBBBBCCNCCCNNBCCNCCNCCCNNCNNBBBBCCNCCCNNBCCNCCCNNBCCNCCNCCCNNCNNBCCCNNCNNBBBBCCNCCNCCCNNCNNBCCCNNCNNBBBNBBNBBBNNBBBNBBBNNBBBNBBBNNBBBNBBNBBBCCNCCCNNBCCNCCNCCCNNCNNBBBBCCNCCCNNBCCNCCCNNBC
CNCCNCCCNNCNNBCCCNNCNNBBBNBBNBBNBBBCCNCCCNNBCCNCCNCCCNNCNNBBBBCCNCCCNNBCCNCCCNNBCCNCCNCCCNNCNNBCCCNNCNNBBBNBBNBBNBBBCCNCCCNNBCCNCCNCCCNNCNNBBBBCCNCCCNNBCCNCCNCCCNNCNNBBBBCCNCCCNNBCCNCCCNNBCCNCCNCCCNNCNNBCCCNNCNNBBBBCCNCCNCCCNNCNNBCCCNNCNNBBB
NBBNBBNBBBCCNCCCNNBCCNCCCNNBCCNCCNCCCNNCNNBCCCNNCNNBBBBCCNCCNCCCNNCNNBCCCNNCNNBBBNBBNBBBNNBBBNBBBNNBBBNBBNBBBNNCNNBBBNBBNBBBNNBBBNBBNBBBNNCNNBBBNBBNBBBNNBBBNBBNBBBNNCNNBBBNBBNBBBNNBBBNBBBNNBBBNBBNBBBCCNCCCNNBCCNCCNCCCNNCNNBBBBCCNCCCNNBCCNCCC
NNBCCNCCNCCCNNCNNBCCCNNCNNBBBNBBNBBNBBBCCNCCCNNBCCNCCNCCCNNCNNBBBBCCNCCCNNBCCNCCNCCCNNCNNBBBBCCNCCCNNBCCNCCCNNBCCNCCNCCCNNCNNBCCCNNCNNBBBBCCNCCNCCCNNCNNBCCCNNCNNBBBNBBNBBBNNBBBNBBBNNBBBNBBBNNBBBNBBNBBBCCNCCCNNBCCNCCNCCCNNCNNBBBBCCNCCCNNBCCNC
CCNNBCCNCCNCCCNNCNNBCCCNNCNNBBBNBBNBBNBBBCCNCCCNNBCCNCCNCCCNNCNNBBBBCCNCCCNNBCCNCCCNNBCCNCCNCCCNNCNNBCCCNNCNNBBBNBBNBBNBBBCCNCCCNNBCCNCCNCCCNNCNNBBBBCCNCCCNNBCCNCCNCCCNNCNNBBBBCCNCCCNNBCCNCCCNNBCCNCCNCCCNNCNNBCCCNNCNNBBBBCCNCCNCCCNNCNNBCCCNN
CNNBBBNBBNBBNBBBCCNCCCNNBCCNCCCNNBCCNCCNCCCNNCNNBCCCNNCNNBBBBCCNCCNCCCNNCNNBCCCNNCNNBBBNBBNBBBNNBBBNBBBNNBBBNBBNBBBNNCNNBBBNBBNBBBNNBBBNBBNBBBNNCNNBBBNBBNBBBNNBBBNBBNBBBNNCNNBBBNBBNBBBNNBBBNBBBNNBBBNBBNBBBCCNCCCNNBCCNCCNCCCNNCNNBBBBCCNCCCNNB
CCNCCCNNBCCNCCNCCCNNCNNBCCCNNCNNBBBNBBNBBNBBBCCNCCCNNBCCNCCNCCCNNCNNBBBBCCNCCCNNBCCNCCNCCCNNCNNBBBBCCNCCCNNBCCNCCCNNBCCNCCNCCCNNCNNBCCCNNCNNBBBBCCNCCNCCCNNCNNBCCCNNCNNBBBNBBNBBBNNBBBNBBBNNBBBNBBBNNBBBNBBNBBBCCNCCCNNBCCNCCNCCCNNCNNBBBBCCNCCCN
NBCCNCCCNNBCCNCCNCCCNNCNNBCCCNNCNNBBBNBBNBBNBBBCCNCCCNNBCCNCCNCCCNNCNNBBBBCCNCCCNNBCCNCCNCCCNNCNNBBBBCCNCCCNNBCCNCCCNNBCCNCCNCCCNNCNNBCCCNNCNNBBBBCCNCCNCCCNNCNNBCCCNNCNNBBBNBBNBBBNNBBBNBBBNNBBBNBBBNNBBBNBBNBBBCCNCCCNNBCCNCCNCCCNNCNNBBBBCCNCC
CNNBCCNCCCNNBCCNCCNCCCNNCNNBCCCNNCNNBBBNBBNBBNBBBCCNCCCNNBCCNCCNCCCNNCNNBBBBCCNCCCNNBCCNCCCNNBCCNCCNCCCNNCNNBCCCNNCNNBBBNBBNBBNBBBCCNCCCNNBCCNCCNCCCNNCNNBBBBCCNCCCNNBCCNCCNCCCNNCNNBBBBCCNCCCNNBCCNCCCNNBCCNCCNCCCNNCNNBCCCNNCNNBBBBCCNCCNCCCNNC
NNBCCCNNCNNBBBNBBNBBNBBBCCNCCCNNBCCNCCCNNBCCNCCNCCCNNCNNBCCCNNCNNBBBBCCNCCNCCCNNCNNBCCCNNCNNBBBNBBNBBBNNBBBNBBBNNBBBNBBBNNBBBNBBNBBBCCNCCCNNBCCNCCNCCCNNCNNBBBBCCNCCCNNBCCNCCNCCCNNCNNBBBBCCNCCCNNBCCNCCCNNBCCNCCNCCCNNCNNBCCCNNCNNBBBBCCNCCNCCCN
NCNNBCCCNNCNNBBBNBBNBBNBBBCCNCCCNNBCCNCCCNNBCCNCCNCCCNNCNNBCCCNNCNNBBBBCCNCCNCCCNNCNNBCCCNNCNNBBBNBBNBBBNNBBBNBBBNNBBBNBBNBBBNNCNNBBBNBBNBBBNNBBBNBBNBBBNNCNNBBBNBBNBBBNNBBBNBBNBBBNNCNNBBBNBBNBBBNNBBBNBBBNNBBBNBBNBBBCCNCCCNNBCCNCCNCCCNNCNNBBB
BCCNCCCNNBCCNCCCNNBCCNCCNCCCNNCNNBCCCNNCNNBBBNBBNBBNBBBCCNCCCNNBCCNCCNCCCNNCNNBBBBCCNCCCNNBCCNCCCNNBCCNCCNCCCNNCNNBCCCNNCNNBBBNBBNBBNBBBCCNCCCNNBCCNCCNCCCNNCNNBBBBCCNCCCNNBCCNCCNCCCNNCNNBBBBCCNCCCNNBCCNCCCNNBCCNCCNCCCNNCNNBCCCNNCNNBBBBCCNCCN
CCCNNCNNBCCCNNCNNBBBNBBNBBNBBBCCNCCCNNBCCNCCCNNBCCNCCNCCCNNCNNBCCCNNCNNBBBBCCNCCNCCCNNCNNBCCCNNCNNBBBNBBNBBBNNBBBNBBBNNBBBNBBBNNBBBNBBNBBBCCNCCCNNBCCNCCNCCCNNCNNBBBBCCNCCCNNBCCNCCNCCCNNCNNBBBBCCNCCCNNBCCNCCCNNBCCNCCNCCCNNCNNBCCCNNCNNBBBBCCNC
CNCCCNNCNNBCCCNNCNNBBBNBBNBBNBBBCCNCCCNNBCCNCCCNNBCCNCCNCCCNNCNNBCCCNNCNNBBBBCCNCCNCCCNNCNNBCCCNNCNNBBBNBBNBBBNNBBBNBBBNNBBBNBBNBBBNNCNNBBBNBBNBBBNNBBBNBBNBBBNNCNNBBBNBBNBBBNNBBBNBBBNNBBBNBBNBBBNNCNNBCCCNNCNNBBBNBBNBBBNNBBBNBBBNNBBBNBBNBBBNN
CNNBBBNBBNBBBNNBBBNBBBNNBBBNBBNBBBNNCNNBCCCNNCNNBBBNBBNBBBNNBBBNBBBNNBBBNBBNBBBNNCNNBBBNBBNBBBNNBBBNBBBNNBBBNBBNBBBNNCNNBCCCNNCNNBBBNBBNBBBNNBBBNBBBNNBBBNBBNBBBNNCNNBBBNBBNBBBNNBBBNBBNBBBNNCNNBBBNBBNBBBNNBBBNBBBNNBBBNBBNBBBCCNCCCNNBCCNCCNCCC
NNCNNBBBBCCNCCCNNBCCNCCCNNBCCNCCNCCCNNCNNBCCCNNCNNBBBNBBNBBNBBBCCNCCCNNBCCNCCNCCCNNCNNBBBBCCNCCCNNBCCNCCNCCCNNCNNBBBBCCNCCCNNBCCNCCCNNBCCNCCNCCCNNCNNBCCCNNCNNBBBBCCNCCNCCCNNCNNBCCCNNCNNBBBNBBNBBBNNBBBNBBBNNBBBNBBBNNBBBNBBNBBBCCNCCCNNBCCNCCNC
CCNNCNNBBBBCCNCCCNNBCCNCCCNNBCCNCCNCCCNNCNNBCCCNNCNNBBBNBBNBBNBBBCCNCCCNNBCCNCCNCCCNNCNNBBBBCCNCCCNNBCCNCCNCCCNNCNNBBBBCCNCCCNNBCCNCCCNNBCCNCCNCCCNNCNNBCCCNNCNNBBBBCCNCCNCCCNNCNNBCCCNNCNNBBBNBBNBBBNNBBBNBBBNNBBBNBBBNNBBBNBBNBBBCCNCCCNNBCCNCC
NCCCNNCNNBBBBCCNCCCNNBCCNCCCNNBCCNCCNCCCNNCNNBCCCNNCNNBBBNBBNBBNBBBCCNCCCNNBCCNCCNCCCNNCNNBBBBCCNCCCNNBCCNCCCNNBCCNCCNCCCNNCNNBCCCNNCNNBBBNBBNBBNBBBCCNCCCNNBCCNCCNCCCNNCNNBBBBCCNCCCNNBCCNCCNCCCNNCNNBBBBCCNCCCNNBCCNCCCNNBCCNCCNCCCNNCNNBCCCNNC
NNBBBBCCNCCNCCCNNCNNBCCCNNCNNBBBNBBNBBNBBBCCNCCCNNBCCNCCCNNBCCNCCNCCCNNCNNBCCCNNCNNBBBBCCNCCNCCCNNCNNBCCCNNCNNBBBNBBNBBBNNBBBNBBBNNBBBNBBBNNBBBNBBNBBBCCNCCCNNBCCNCCNCCCNNCNNBBBBCCNCCCNNBCCNCCNCCCNNCNNBBBBCCNCCCNNBCCNCCCNNBCCNCCNCCCNNCNNBCCCN
NCNNBBBBCCNCCNCCCNNCNNBCCCNNCNNBBBNBBNBBNBBBCCNCCCNNBCCNCCCNNBCCNCCNCCCNNCNNBCCCNNCNNBBBBCCNCCNCCCNNCNNBCCCNNCNNBBBNBBNBBBNNBBBNBBBNNBBBNBBNBBBNNCNNBBBNBBNBBBNNBBBNBBNBBBNNCNNBBBNBBNBBBNNBBBNBBNBBBNNCNNBBBNBBNBBBNNBBBNBBBNNBBBNBBNBBBCCNCCCNN
BCCNCCNCCCNNCNNBBBBCCNCCCNNBCCNCCCNNBCCNCCNCCCNNCNNBCCCNNCNNBBBNBBNBBNBBBCCNCCCNNBCCNCCNCCCNNCNNBBBBCCNCCCNNBCCNCCCNNBCCNCCNCCCNNCNNBCCCNNCNNBBBNBBNBBNBBBCCNCCCNNBCCNCCNCCCNNCNNBBBBCCNCCCNNBCCNCCNCCCNNCNNBBBBCCNCCCNNBCCNCCCNNBCCNCCNCCCNNCNNB
CCCNNCNNBBBBCCNCCNCCCNNCNNBCCCNNCNNBBBNBBNBBNBBBCCNCCCNNBCCNCCCNNBCCNCCNCCCNNCNNBCCCNNCNNBBBBCCNCCNCCCNNCNNBCCCNNCNNBBBNBBNBBBNNBBBNBBBNNBBBNBBBNNBBBNBBNBBBCCNCCCNNBCCNCCNCCCNNCNNBBBBCCNCCCNNBCCNCCNCCCNNCNNBBBBCCNCCCNNBCCNCCCNNBCCNCCNCCCNNCN
NBCCCNNCNNBBBBCCNCCNCCCNNCNNBCCCNNCNNBBBNBBNBBNBBBCCNCCCNNBCCNCCCNNBCCNCCNCCCNNCNNBCCCNNCNNBBBBCCNCCNCCCNNCNNBCCCNNCNNBBBNBBNBBBNNBBBNBBBNNBBBNBBNBBBNNCNNBBBNBBNBBBNNBBBNBBNBBBNNCNNBBBNBBNBBBNNBBBNBBBNNBBBNBBNBBBNNCNNBCCCNNCNNBBBNBBNBBBNNBBB
NBBBNNBBBNBBNBBBNNCNNBBBNBBNBBBNNBBBNBBBNNBBBNBBNBBBNNCNNBCCCNNCNNBBBNBBNBBBNNBBBNBBBNNBBBNBBNBBBNNCNNBBBNBBNBBBNNBBBNBBNBBBNNCNNBBBNBBNBBBNNBBBNBBBNNBBBNBBNBBBNNCNNBCCCNNCNNBBBBCCNCCNCCCNNCNNBCCCNNCNNBBBNBBNBBBNNBBBNBBBNNBBBNBBNBBBNNCNNBBBN
BBNBBBNNBBBNBBNBBBNNCNNBBBNBBNBBBNNBBBNBBBNNBBBNBBNBBBNNCNNBCCCNNCNNBBBNBBNBBBNNBBBNBBBNNBBBNBBNBBBNNCNNBBBNBBNBBBNNBBBNBBNBBBNNCNNBBBNBBNBBBNNBBBNBBBNNBBBNBBNBBBNNCNNBCCCNNCNNBBBBCCNCCNCCCNNCNNBCCCNNCNNBBBNBBNBBBNNBBBNBBBNNBBBNBBNBBBNNCNNBB
BNBBNBBBNNBBBNBBNBBBNNCNNBBBNBBNBBBNNBBBNBBBNNBBBNBBNBBBNNCNNBCCCNNCNNBBBNBBNBBBNNBBBNBBBNNBBBNBBNBBBNNCNNBBBNBBNBBBNNBBBNBBNBBBNNCNNBBBNBBNBBBNNBBBNBBBNNBBBNBBNBBBNNCNNBCCCNNCNNBBBBCCNCCNCCCNNCNNBCCCNNCNNBBBNBBNBBBNNBBBNBBBNNBBBNBBNBBBNNCNN
BBBNBBNBBBNNBBBNBBNBBBNNCNNBBBNBBNBBBNNBBBNBBBNNBBBNBBNBBBNNCNNBCCCNNCNNBBBNBBNBBBNNBBBNBBBNNBBBNBBNBBBNNCNNBBBNBBNBBBNNBBBNBBBNNBBBNBBNBBBNNCNNBCCCNNCNNBBBNBBNBBBNNBBBNBBBNNBBBNBBNBBBNNCNNBBBNBBNBBBNNBBBNBBNBBBNNCNNBBBNBBNBBBNNBBBNBBBNNBBBN
BBNBBBCCNCCCNNBCCNCCNCCCNNCNNBBBBCCNCCCNNBCCNCCCNNBCCNCCNCCCNNCNNBCCCNNCNNBBBNBBNBBNBBBCCNCCCNNBCCNCCNCCCNNCNNBBBBCCNCCCNNBCCNCCNCCCNNCNNBBBBCCNCCCNNBCCNCCCNNBCCNCCNCCCNNCNNBCCCNNCNNBBBBCCNCCNCCCNNCNNBCCCNNCNNBBBNBBNBBBNNBBBNBBBNNBBBNBBBNNBB
BNBBNBBBCCNCCCNNBCCNCCNCCCNNCNNBBBBCCNCCCNNBCCNCCCNNBCCNCCNCCCNNCNNBCCCNNCNNBBBNBBNBBNBBBCCNCCCNNBCCNCCNCCCNNCNNBBBBCCNCCCNNBCCNCCCNNBCCNCCNCCCNNCNNBCCCNNCNNBBBNBBNBBNBBBCCNCCCNNBCCNCCNCCCNNCNNBBBBCCNCCCNNBCCNCCNCCCNNCNNBBBBCCNCCCNNBCCNCCCNN
BCCNCCNCCCNNCNNBCCCNNCNNBBBBCCNCCNCCCNNCNNBCCCNNCNNBBBNBBNBBNBBBCCNCCCNNBCCNCCCNNBCCNCCNCCCNNCNNBCCCNNCNNBBBBCCNCCNCCCNNCNNBCCCNNCNNBBBNBBNBBBNNBBBNBBBNNBBBNBBNBBBNNCNNBBBNBBNBBBNNBBBNBBNBBBNNCNNBBBNBBNBBBNNBBBNBBNBBBNNCNNBBBNBBNBBBNNBBBNBBB
NNBBBNBBNBBBCCNCCCNNBCCNCCNCCCNNCNNBBBBCCNCCCNNBCCNCCCNNBCCNCCNCCCNNCNNBCCCNNCNNBBBNBBNBBNBBBCCNCCCNNBCCNCCNCCCNNCNNBBBBCCNCCCNNBCCNCCNCCCNNCNNBBBBCCNCCCNNBCCNCCCNNBCCNCCNCCCNNCNNBCCCNNCNNBBBBCCNCCNCCCNNCNNBCCCNNCNNBBBNBBNBBBNNBBBNBBBNNBBBNB
BBNNBBBNBBNBBBCCNCCCNNBCCNCCNCCCNNCNNBBBBCCNCCCNNBCCNCCCNNBCCNCCNCCCNNCNNBCCCNNCNNBBBNBBNBBNBBBCCNCCCNNBCCNCCNCCCNNCNNBBBBCCNCCCNNBCCNCCCNNBCCNCCNCCCNNCNNBCCCNNCNNBBBNBBNBBNBBBCCNCCCNNBCCNCCNCCCNNCNNBBBBCCNCCCNNBCCNCCNCCCNNCNNBBBBCCNCCCNNBCC
NCCCNNBCCNCCNCCCNNCNNBCCCNNCNNBBBBCCNCCNCCCNNCNNBCCCNNCNNBBBNBBNBBNBBBCCNCCCNNBCCNCCCNNBCCNCCNCCCNNCNNBCCCNNCNNBBBBCCNCCNCCCNNCNNBCCCNNCNNBBBNBBNBBBNNBBBNBBBNNBBBNBBNBBBNNCNNBBBNBBNBBBNNBBBNBBNBBBNNCNNBBBNBBNBBBNNBBBNBBNBBBNNCNNBBBNBBNBBBNNB
BBNBBBNNBBBNBBNBBBCCNCCCNNBCCNCCNCCCNNCNNBBBBCCNCCCNNBCCNCCCNNBCCNCCNCCCNNCNNBCCCNNCNNBBBNBBNBBNBBBCCNCCCNNBCCNCCNCCCNNCNNBBBBCCNCCCNNBCCNCCNCCCNNCNNBBBBCCNCCCNNBCCNCCCNNBCCNCCNCCCNNCNNBCCCNNCNNBBBBCCNCCNCCCNNCNNBCCCNNCNNBBBNBBNBBBNNBBBNBBBN
NBBBNBBBNNBBBNBBNBBBCCNCCCNNBCCNCCNCCCNNCNNBBBBCCNCCCNNBCCNCCCNNBCCNCCNCCCNNCNNBCCCNNCNNBBBNBBNBBNBBBCCNCCCNNBCCNCCNCCCNNCNNBBBBCCNCCCNNBCCNCCNCCCNNCNNBBBBCCNCCCNNBCCNCCCNNBCCNCCNCCCNNCNNBCCCNNCNNBBBBCCNCCNCCCNNCNNBCCCNNCNNBBBNBBNBBBNNBBBNBB
BNNBBBNBBBNNBBBNBBNBBBCCNCCCNNBCCNCCNCCCNNCNNBBBBCCNCCCNNBCCNCCCNNBCCNCCNCCCNNCNNBCCCNNCNNBBBNBBNBBNBBBCCNCCCNNBCCNCCNCCCNNCNNBBBBCCNCCCNNBCCNCCCNNBCCNCCNCCCNNCNNBCCCNNCNNBBBNBBNBBNBBBCCNCCCNNBCCNCCNCCCNNCNNBBBBCCNCCCNNBCCNCCNCCCNNCNNBBBBCCN
CCCNNBCCNCCCNNBCCNCCNCCCNNCNNBCCCNNCNNBBBBCCNCCNCCCNNCNNBCCCNNCNNBBBNBBNBBNBBBCCNCCCNNBCCNCCCNNBCCNCCNCCCNNCNNBCCCNNCNNBBBBCCNCCNCCCNNCNNBCCCNNCNNBBBNBBNBBBNNBBBNBBBNNBBBNBBBNNBBBNBBNBBBCCNCCCNNBCCNCCNCCCNNCNNBBBBCCNCCCNNBCCNCCNCCCNNCNNBBBBC
CNCCCNNBCCNCCCNNBCCNCCNCCCNNCNNBCCCNNCNNBBBBCCNCCNCCCNNCNNBCCCNNCNNBBBNBBNBBNBBBCCNCCCNNBCCNCCCNNBCCNCCNCCCNNCNNBCCCNNCNNBBBBCCNCCNCCCNNCNNBCCCNNCNNBBBNBBNBBBNNBBBNBBBNNBBBNBBNBBBNNCNNBBBNBBNBBBNNBBBNBBNBBBNNCNNBBBNBBNBBBNNBBBNBBNBBBNNCNNBBB
NBBNBBBNNBBBNBBBNNBBBNBBNBBBCCNCCCNNBCCNCCNCCCNNCNNBBBBCCNCCCNNBCCNCCCNNBCCNCCNCCCNNCNNBCCCNNCNNBBBNBBNBBNBBBCCNCCCNNBCCNCCNCCCNNCNNBBBBCCNCCCNNBCCNCCCNNBCCNCCNCCCNNCNNBCCCNNCNNBBBNBBNBBNBBBCCNCCCNNBCCNCCNCCCNNCNNBBBBCCNCCCNNBCCNCCNCCCNNCNNB
BBBCCNCCCNNBCCNCCCNNBCCNCCNCCCNNCNNBCCCNNCNNBBBBCCNCCNCCCNNCNNBCCCNNCNNBBBNBBNBBNBBBCCNCCCNNBCCNCCCNNBCCNCCNCCCNNCNNBCCCNNCNNBBBBCCNCCNCCCNNCNNBCCCNNCNNBBBNBBNBBBNNBBBNBBBNNBBBNBBBNNBBBNBBNBBBCCNCCCNNBCCNCCNCCCNNCNNBBBBCCNCCCNNBCCNCCNCCCNNCN
NBBBBCCNCCCNNBCCNCCCNNBCCNCCNCCCNNCNNBCCCNNCNNBBBBCCNCCNCCCNNCNNBCCCNNCNNBBBNBBNBBNBBBCCNCCCNNBCCNCCCNNBCCNCCNCCCNNCNNBCCCNNCNNBBBBCCNCCNCCCNNCNNBCCCNNCNNBBBNBBNBBBNNBBBNBBBNNBBBNBBNBBBNNCNNBBBNBBNBBBNNBBBNBBNBBBNNCNNBBBNBBNBBBNNBBBNBBBNNBBB
NBBNBBBNNCNNBCCCNNCNNBBBNBBNBBBNNBBBNBBBNNBBBNBBNBBBNNCNNBBBNBBNBBBNNBBBNBBBNNBBBNBBNBBBNNCNNBCCCNNCNNBBBNBBNBBBNNBBBNBBBNNBBBNBBNBBBNNCNNBBBNBBNBBBNNBBBNBBBNNBBBNBBNBBBNNCNNBCCCNNCNNBBBNBBNBBBNNBBBNBBBNNBBBNBBNBBBNNCNNBBBNBBNBBBNNBBBNBBNBBB
NNCNNBBBNBBNBBBNNBBBNBBBNNBBBNBBNBBBCCNCCCNNBCCNCCNCCCNNCNNBBBBCCNCCCNNBCCNCCCNNBCCNCCNCCCNNCNNBCCCNNCNNBBBNBBNBBNBBBCCNCCCNNBCCNCCNCCCNNCNNBBBBCCNCCCNNBCCNCCNCCCNNCNNBBBBCCNCCCNNBCCNCCCNNBCCNCCNCCCNNCNNBCCCNNCNNBBBBCCNCCNCCCNNCNNBCCCNNCNNBB
BNBBNBBBNNBBBNBBBNNBBBNBBBNNBBBNBBNBBBCCNCCCNNBCCNCCNCCCNNCNNBBBBCCNCCCNNBCCNCCCNNBCCNCCNCCCNNCNNBCCCNNCNNBBBNBBNBBNBBBCCNCCCNNBCCNCCNCCCNNCNNBBBBCCNCCCNNBCCNCCNCCCNNCNNBBBBCCNCCCNNBCCNCCCNNBCCNCCNCCCNNCNNBCCCNNCNNBBBBCCNCCNCCCNNCNNBCCCNNCNN
BBBNBBNBBBNNBBBNBBBNNBBBNBBBNNBBBNBBNBBBCCNCCCNNBCCNCCNCCCNNCNNBBBBCCNCCCNNBCCNCCCNNBCCNCCNCCCNNCNNBCCCNNCNNBBBNBBNBBNBBBCCNCCCNNBCCNCCNCCCNNCNNBBBBCCNCCCNNBCCNCCCNNBCCNCCNCCCNNCNNBCCCNNCNNBBBNBBNBBNBBBCCNCCCNNBCCNCCNCCCNNCNNBBBBCCNCCCNNBCCN
CCNCCCNNCNNBBBBCCNCCCNNBCCNCCCNNBCCNCCNCCCNNCNNBCCCNNCNNBBBBCCNCCNCCCNNCNNBCCCNNCNNBBBNBBNBBNBBBCCNCCCNNBCCNCCCNNBCCNCCNCCCNNCNNBCCCNNCNNBBBBCCNCCNCCCNNCNNBCCCNNCNNBBBNBBNBBBNNBBBNBBBNNBBBNBBBNNBBBNBBNBBBCCNCCCNNBCCNCCNCCCNNCNNBBBBCCNCCCNNBC
CNCCNCCCNNCNNBBBBCCNCCCNNBCCNCCCNNBCCNCCNCCCNNCNNBCCCNNCNNBBBBCCNCCNCCCNNCNNBCCCNNCNNBBBNBBNBBNBBBCCNCCCNNBCCNCCCNNBCCNCCNCCCNNCNNBCCCNNCNNBBBBCCNCCNCCCNNCNNBCCCNNCNNBBBNBBNBBBNNBBBNBBBNNBBBNBBNBBBNNCNNBBBNBBNBBBNNBBBNBBNBBBNNCNNBBBNBBNBBBNN
BBBNBBNBBBNNCNNBBBNBBNBBBNNBBBNBBBNNBBBNBBNBBBCCNCCCNNBCCNCCNCCCNNCNNBBBBCCNCCCNNBCCNCCCNNBCCNCCNCCCNNCNNBCCCNNCNNBBBNBBNBBNBBBCCNCCCNNBCCNCCNCCCNNCNNBBBBCCNCCCNNBCCNCCCNNBCCNCCNCCCNNCNNBCCCNNCNNBBBNBBNBBNBBBCCNCCCNNBCCNCCNCCCNNCNNBBBBCCNCCC
NNBCCNCCNCCCNNCNNBBBBCCNCCCNNBCCNCCCNNBCCNCCNCCCNNCNNBCCCNNCNNBBBBCCNCCNCCCNNCNNBCCCNNCNNBBBNBBNBBNBBBCCNCCCNNBCCNCCCNNBCCNCCNCCCNNCNNBCCCNNCNNBBBBCCNCCNCCCNNCNNBCCCNNCNNBBBNBBNBBBNNBBBNBBBNNBBBNBBBNNBBBNBBNBBBCCNCCCNNBCCNCCNCCCNNCNNBBBBCCNC
CCNNBCCNCCNCCCNNCNNBBBBCCNCCCNNBCCNCCCNNBCCNCCNCCCNNCNNBCCCNNCNNBBBBCCNCCNCCCNNCNNBCCCNNCNNBBBNBBNBBNBBBCCNCCCNNBCCNCCCNNBCCNCCNCCCNNCNNBCCCNNCNNBBBBCCNCCNCCCNNCNNBCCCNNCNNBB